
> chatbot@1.0.0 ingest
> tsx scripts/ingest-data.ts --start 1 --end 10 --dry-run

[dotenv@17.2.3] injecting env (6) from .env.local -- tip: ✅ audit secrets and track compliance: https://dotenvx.com/ops
================================================================================
データ取り込み開始
================================================================================
対象シート: M6CH00001 〜 M6CH00010
総シート数: 10
バッチサイズ: 10シート/バッチ
ドライラン: Yes
================================================================================


📦 バッチ 1/1 (10シート)
--------------------------------------------------------------------------------

📄 処理中: M6CH01001
  📥 データ取得中...
  ✅ 22行取得
  🔄 チャンク生成中...
  ✅ 32チャンク生成（平均287トークン）
  🤖 埋め込み生成中...
  🤖 埋め込み生成中: 32/32
  ✅ 埋め込み生成完了
  ⏭️  ドライランのため挿入スキップ

📄 処理中: M6CH01002
  📥 データ取得中...
  ✅ 13行取得
  🔄 チャンク生成中...
  ✅ 22チャンク生成（平均295トークン）
  🤖 埋め込み生成中...
  🤖 埋め込み生成中: 22/22
  ✅ 埋め込み生成完了
  ⏭️  ドライランのため挿入スキップ

📄 処理中: M6CH01003
  📥 データ取得中...
  ✅ 13行取得
  🔄 チャンク生成中...
  ✅ 23チャンク生成（平均322トークン）
  🤖 埋め込み生成中...
  🤖 埋め込み生成中: 23/23
  ✅ 埋め込み生成完了
  ⏭️  ドライランのため挿入スキップ

📄 処理中: M6CH01004
  📥 データ取得中...
  ✅ 15行取得
  🔄 チャンク生成中...
  ✅ 18チャンク生成（平均268トークン）
  🤖 埋め込み生成中...
  🤖 埋め込み生成中: 18/18
  ✅ 埋め込み生成完了
  ⏭️  ドライランのため挿入スキップ

📄 処理中: M6CH01005
  📥 データ取得中...
  ✅ 14行取得
  🔄 チャンク生成中...
  ✅ 31チャンク生成（平均339トークン）
  🤖 埋め込み生成中...
  🤖 埋め込み生成中: 31/31
  ✅ 埋め込み生成完了
  ⏭️  ドライランのため挿入スキップ

📄 処理中: M6CH01006
  📥 データ取得中...
  ✅ 17行取得
  🔄 チャンク生成中...
  ✅ 30チャンク生成（平均313トークン）
  🤖 埋め込み生成中...
  🤖 埋め込み生成中: 30/30
  ✅ 埋め込み生成完了
  ⏭️  ドライランのため挿入スキップ

📄 処理中: M6CH01007
  📥 データ取得中...
  ✅ 16行取得
  🔄 チャンク生成中...
  ✅ 30チャンク生成（平均287トークン）
  🤖 埋め込み生成中...
  🤖 埋め込み生成中: 30/30
  ✅ 埋め込み生成完了
  ⏭️  ドライランのため挿入スキップ

📄 処理中: M6CH01008
  📥 データ取得中...
  ✅ 21行取得
  🔄 チャンク生成中...
  ✅ 33チャンク生成（平均272トークン）
  🤖 埋め込み生成中...
  🤖 埋め込み生成中: 33/33
  ✅ 埋め込み生成完了
  ⏭️  ドライランのため挿入スキップ

📄 処理中: M6CH01009
  📥 データ取得中...
  ✅ 16行取得
  🔄 チャンク生成中...
  ✅ 19チャンク生成（平均251トークン）
  🤖 埋め込み生成中...
  🤖 埋め込み生成中: 19/19
  ✅ 埋め込み生成完了
  ⏭️  ドライランのため挿入スキップ

📄 処理中: M6CH01010
  📥 データ取得中...
  ✅ 15行取得
  🔄 チャンク生成中...
  ✅ 25チャンク生成（平均292トークン）
  🤖 埋め込み生成中...
  🤖 埋め込み生成中: 25/25
  ✅ 埋め込み生成完了
  ⏭️  ドライランのため挿入スキップ


================================================================================
取り込み完了
================================================================================
処理シート数: 10/10
失敗シート数: 0
総チャンク数: 263
挿入チャンク数: 0
失敗チャンク数: 0
処理時間: 0分12秒
================================================================================
